No gold token for  keys-wn.2 [u'd001', u'd001.s001.t001', u'un%1:14:00::']
No gold token for  keys-wn.2 [u'd001', u'd001.s002.t009', u'greenhouse_gas%1:27:00::']
No gold token for  keys-wn.2 [u'd001', u'd001.s005.t001', u'un%1:14:00::']
No gold token for  keys-wn.2 [u'd001', u'd001.s008.t004', u'un%1:14:00::']
No gold token for  keys-wn.2 [u'd001', u'd001.s013.t007', u'greenhouse_gas%1:27:00::']
No gold token for  keys-wn.2 [u'd001', u'd001.s023.t009', u'part%1:24:00::']
No gold token for  keys-wn.2 [u'd002', u'd002.s002.t003', u'court%1:14:00::']
No gold token for  keys-wn.2 [u'd002', u'd002.s010.t004', u'court%1:14:00::']
No gold token for  keys-wn.2 [u'd004', u'd004.s014.t003', u'chevron%1:10:00::']
No gold token for  keys-wn.2 [u'd004', u'd004.s015.t002', u'stakeholder%1:18:00::']
No gold token for  keys-wn.2 [u'd005', u'd005.s003.t007', u'tarp%1:06:00::']
No gold token for  keys-wn.2 [u'd005', u'd005.s008.t002', u'head%1:08:00::']
No gold token for  keys-wn.2 [u'd005', u'd005.s008.t005', u'taxpayer%1:18:00::']
No gold token for  keys-wn.2 [u'd005', u'd005.s008.t006', u'wednesday%1:28:00::']
No gold token for  keys-wn.2 [u'd005', u'd005.s008.t007', u'evening%1:28:00::']
No gold token for  keys-wn.2 [u'd005', u'd005.s008.t008', u'cash%1:21:00::']
No gold token for  keys-wn.2 [u'd005', u'd005.s008.t009', u'injection%1:04:01::']
No gold token for  keys-wn.2 [u'd005', u'd005.s008.t010', u'time%1:11:00::']
No gold token for  keys-wn.2 [u'd006', u'd006.s001.t002', u'twitter%1:11:00::']
No gold token for  keys-wn.2 [u'd006', u'd006.s003.t005', u'twitter%1:11:00::']
No gold token for  keys-wn.2 [u'd006', u'd006.s004.t003', u'twitter%1:11:00::']
No gold token for  keys-wn.2 [u'd006', u'd006.s007.t005', u'twitter%1:11:00::']
No gold token for  keys-wn.2 [u'd006', u'd006.s018.t001', u'twitter%1:11:00::']
No gold token for  keys-wn.2 [u'd006', u'd006.s024.t010', u'governor%1:18:00::']
No gold token for  keys-wn.2 [u'd006', u'd006.s026.t003', u'tweet%1:11:00::']
No gold token for  keys-wn.2 [u'd006', u'd006.s027.t002', u'twitter%1:11:00::']
No gold token for  keys-wn.2 [u'd007', u'd007.s010.t004', u'regulation%1:10:00::']
No gold token for  keys-wn.2 [u'd008', u'd008.s006.t010', u'science%1:09:00::']
No gold token for  keys-wn.2 [u'd008', u'd008.s022.t003', u'work%1:04:00::']
No gold token for  keys-wn.2 [u'd009', u'd009.s005.t005', u'economist%1:18:00::']
No gold token for  keys-wn.2 [u'd010', u'd010.s007.t007', u'group%1:03:00::']
No gold token for  keys-wn.2 [u'd010', u'd010.s019.t002', u'black_tie%1:06:01::']
No gold token for  keys-wn.2 [u'd011', u'd011.s005.t009', u'defender%1:18:00::']
No gold token for  keys-wn.2 [u'd013', u'd013.s016.t001', u'home_loan%1:21:00::']
No gold token for  keys-wn.1.en [u'd001', u'd001.s001.t001', u'un%1:14:00::']
No gold token for  keys-wn.1.en [u'd001', u'd001.s002.t009', u'greenhouse_gas%1:27:00::']
No gold token for  keys-wn.1.en [u'd001', u'd001.s005.t001', u'un%1:14:00::']
No gold token for  keys-wn.1.en [u'd001', u'd001.s008.t004', u'un%1:14:00::']
No gold token for  keys-wn.1.en [u'd001', u'd001.s013.t007', u'greenhouse_gas%1:27:00::']
No gold token for  keys-wn.1.en [u'd001', u'd001.s023.t009', u'part%1:24:00::']
No gold token for  keys-wn.1.en [u'd002', u'd002.s002.t003', u'court%1:14:00::']
No gold token for  keys-wn.1.en [u'd002', u'd002.s010.t004', u'court%1:14:00::']
No gold token for  keys-wn.1.en [u'd004', u'd004.s014.t003', u'chevron%1:10:00::']
No gold token for  keys-wn.1.en [u'd004', u'd004.s015.t002', u'stakeholder%1:18:00::']
No gold token for  keys-wn.1.en [u'd005', u'd005.s003.t007', u'tarp%1:06:00::']
No gold token for  keys-wn.1.en [u'd005', u'd005.s008.t002', u'head%1:08:00::']
No gold token for  keys-wn.1.en [u'd005', u'd005.s008.t005', u'taxpayer%1:18:00::']
No gold token for  keys-wn.1.en [u'd005', u'd005.s008.t006', u'wednesday%1:28:00::']
No gold token for  keys-wn.1.en [u'd005', u'd005.s008.t007', u'evening%1:28:00::']
No gold token for  keys-wn.1.en [u'd005', u'd005.s008.t008', u'cash%1:21:00::']
No gold token for  keys-wn.1.en [u'd005', u'd005.s008.t009', u'injection%1:04:01::']
No gold token for  keys-wn.1.en [u'd005', u'd005.s008.t010', u'time%1:11:00::']
No gold token for  keys-wn.1.en [u'd006', u'd006.s001.t002', u'twitter%1:11:00::']
No gold token for  keys-wn.1.en [u'd006', u'd006.s003.t005', u'twitter%1:11:00::']
No gold token for  keys-wn.1.en [u'd006', u'd006.s004.t003', u'twitter%1:11:00::']
No gold token for  keys-wn.1.en [u'd006', u'd006.s007.t005', u'twitter%1:11:00::']
No gold token for  keys-wn.1.en [u'd006', u'd006.s018.t001', u'twitter%1:11:00::']
No gold token for  keys-wn.1.en [u'd006', u'd006.s024.t010', u'governor%1:18:00::']
No gold token for  keys-wn.1.en [u'd006', u'd006.s026.t003', u'tweet%1:11:00::']
No gold token for  keys-wn.1.en [u'd006', u'd006.s027.t002', u'twitter%1:11:00::']
No gold token for  keys-wn.1.en [u'd007', u'd007.s010.t004', u'regulation%1:09:00::']
No gold token for  keys-wn.1.en [u'd008', u'd008.s006.t010', u'science%1:09:02::']
No gold token for  keys-wn.1.en [u'd008', u'd008.s022.t003', u'work%1:04:00::']
No gold token for  keys-wn.1.en [u'd009', u'd009.s005.t005', u'economist%1:18:00::']
No gold token for  keys-wn.1.en [u'd010', u'd010.s007.t007', u'group%1:03:00::']
No gold token for  keys-wn.1.en [u'd010', u'd010.s019.t002', u'black_tie%1:06:01::']
No gold token for  keys-wn.1.en [u'd011', u'd011.s005.t009', u'defender%1:18:00::']
No gold token for  keys-wn.1.en [u'd013', u'd013.s016.t001', u'home_loan%1:21:00::']
No gold token for  keys-wn.3.en [u'd001', u'd001.s001.t001', u'un%1:14:00::']
No gold token for  keys-wn.3.en [u'd001', u'd001.s002.t009', u'greenhouse_gas%1:27:00::']
No gold token for  keys-wn.3.en [u'd001', u'd001.s005.t001', u'un%1:14:00::']
No gold token for  keys-wn.3.en [u'd001', u'd001.s008.t004', u'un%1:14:00::']
No gold token for  keys-wn.3.en [u'd001', u'd001.s013.t007', u'greenhouse_gas%1:27:00::']
No gold token for  keys-wn.3.en [u'd001', u'd001.s023.t009', u'part%1:24:00::']
No gold token for  keys-wn.3.en [u'd002', u'd002.s002.t003', u'court%1:14:00::']
No gold token for  keys-wn.3.en [u'd002', u'd002.s010.t004', u'court%1:14:00::']
No gold token for  keys-wn.3.en [u'd004', u'd004.s014.t003', u'chevron%1:10:00::']
No gold token for  keys-wn.3.en [u'd004', u'd004.s015.t002', u'stakeholder%1:18:00::']
No gold token for  keys-wn.3.en [u'd005', u'd005.s003.t007', u'tarp%1:06:00::']
No gold token for  keys-wn.3.en [u'd005', u'd005.s008.t002', u'head%1:08:00::']
No gold token for  keys-wn.3.en [u'd005', u'd005.s008.t005', u'taxpayer%1:18:00::']
No gold token for  keys-wn.3.en [u'd005', u'd005.s008.t006', u'wednesday%1:28:00::']
No gold token for  keys-wn.3.en [u'd005', u'd005.s008.t007', u'evening%1:28:00::']
No gold token for  keys-wn.3.en [u'd005', u'd005.s008.t008', u'cash%1:21:00::']
No gold token for  keys-wn.3.en [u'd005', u'd005.s008.t009', u'injection%1:04:01::']
No gold token for  keys-wn.3.en [u'd005', u'd005.s008.t010', u'time%1:11:00::']
No gold token for  keys-wn.3.en [u'd006', u'd006.s001.t002', u'twitter%1:11:00::']
No gold token for  keys-wn.3.en [u'd006', u'd006.s003.t005', u'twitter%1:11:00::']
No gold token for  keys-wn.3.en [u'd006', u'd006.s004.t003', u'twitter%1:11:00::']
No gold token for  keys-wn.3.en [u'd006', u'd006.s007.t005', u'twitter%1:11:00::']
No gold token for  keys-wn.3.en [u'd006', u'd006.s018.t001', u'twitter%1:11:00::']
No gold token for  keys-wn.3.en [u'd006', u'd006.s024.t010', u'governor%1:18:00::']
No gold token for  keys-wn.3.en [u'd006', u'd006.s026.t003', u'tweet%1:11:00::']
No gold token for  keys-wn.3.en [u'd006', u'd006.s027.t002', u'twitter%1:11:00::']
No gold token for  keys-wn.3.en [u'd007', u'd007.s010.t004', u'regulation%1:09:00::']
No gold token for  keys-wn.3.en [u'd008', u'd008.s006.t010', u'science%1:09:02::']
No gold token for  keys-wn.3.en [u'd008', u'd008.s022.t003', u'work%1:04:00::']
No gold token for  keys-wn.3.en [u'd009', u'd009.s005.t005', u'economist%1:18:00::']
No gold token for  keys-wn.3.en [u'd010', u'd010.s007.t007', u'group%1:03:00::']
No gold token for  keys-wn.3.en [u'd010', u'd010.s019.t002', u'black_tie%1:06:01::']
No gold token for  keys-wn.3.en [u'd011', u'd011.s005.t009', u'defender%1:18:00::']
No gold token for  keys-wn.3.en [u'd013', u'd013.s016.t001', u'home_loan%1:21:00::']
No gold token for  EN.ans [u'd001', u'd001.s023.t009', u'part%1:15:00::']
No gold token for  EN.ans [u'd002', u'd002.s002.t003', u'court%1:06:00::']
No gold token for  EN.ans [u'd002', u'd002.s010.t004', u'court%1:06:00::']
No gold token for  EN.ans [u'd004', u'd004.s014.t003', u'chevron%1:10:00::']
No gold token for  EN.ans [u'd004', u'd004.s015.t002', u'stakeholder%1:18:00::']
No gold token for  EN.ans [u'd005', u'd005.s003.t007', u'tarp%1:06:00::']
No gold token for  EN.ans [u'd005', u'd005.s008.t002', u'head%1:08:00::']
No gold token for  EN.ans [u'd005', u'd005.s008.t005', u'taxpayer%1:18:00::']
No gold token for  EN.ans [u'd005', u'd005.s008.t006', u'wednesday%1:28:00::']
No gold token for  EN.ans [u'd005', u'd005.s008.t007', u'evening%1:28:00::']
No gold token for  EN.ans [u'd005', u'd005.s008.t008', u'cash%1:21:02::']
No gold token for  EN.ans [u'd005', u'd005.s008.t009', u'injection%1:27:00::']
No gold token for  EN.ans [u'd005', u'd005.s008.t010', u'time%1:28:00::']
No gold token for  EN.ans [u'd006', u'd006.s001.t002', u'twitter%1:11:00::']
No gold token for  EN.ans [u'd006', u'd006.s003.t005', u'twitter%1:11:00::']
No gold token for  EN.ans [u'd006', u'd006.s004.t003', u'twitter%1:11:00::']
No gold token for  EN.ans [u'd006', u'd006.s007.t005', u'twitter%1:11:00::']
No gold token for  EN.ans [u'd006', u'd006.s018.t001', u'twitter%1:11:00::']
No gold token for  EN.ans [u'd006', u'd006.s024.t010', u'governor%1:18:00::']
No gold token for  EN.ans [u'd006', u'd006.s026.t003', u'tweet%1:11:00::']
No gold token for  EN.ans [u'd006', u'd006.s027.t002', u'twitter%1:11:00::']
No gold token for  EN.ans [u'd007', u'd007.s010.t004', u'regulation%1:10:00::']
No gold token for  EN.ans [u'd008', u'd008.s006.t010', u'science%1:09:02::']
No gold token for  EN.ans [u'd008', u'd008.s022.t003', u'work%1:04:00::']
No gold token for  EN.ans [u'd009', u'd009.s005.t005', u'economist%1:18:00::']
No gold token for  EN.ans [u'd010', u'd010.s007.t007', u'group%1:03:00::']
No gold token for  EN.ans [u'd011', u'd011.s005.t009', u'defender%1:18:00::']
No gold token for  EN.ans [u'd013', u'd013.s016.t001', u'home_loan%1:21:00::']
